[envato.rathemes.com/infinity/default/dashboard.3.html]
[envato.rathemes.com/infinity/assets/images/logo.png]
[backblue.gif]
[fade.gif]
[index.html]
[envato.rathemes.com/infinity/assets/images/221.jpg]
[envato.rathemes.com/infinity/assets/images/205.jpg]
[envato.rathemes.com/infinity/assets/images/207.jpg]
[envato.rathemes.com/infinity/assets/images/211.jpg]
[envato.rathemes.com/infinity/default/profile.html]
[envato.rathemes.com/infinity/default/index.html]
[envato.rathemes.com/infinity/default/dashboard.2.html]
[envato.rathemes.com/infinity/default/buttons.html]
[envato.rathemes.com/infinity/default/alerts.html]
[envato.rathemes.com/infinity/default/panels.html]
[envato.rathemes.com/infinity/default/lists.html]
[envato.rathemes.com/infinity/default/icons.html]
[envato.rathemes.com/infinity/default/media.html]
[envato.rathemes.com/infinity/default/widgets.html]
[envato.rathemes.com/infinity/default/tabs.html]
[envato.rathemes.com/infinity/default/progress.html]
[envato.rathemes.com/infinity/default/inbox.html]
[envato.rathemes.com/infinity/default/compose.html]
[envato.rathemes.com/infinity/default/search.web.html]
[envato.rathemes.com/infinity/default/price.html]
[envato.rathemes.com/infinity/default/invoice.html]
[envato.rathemes.com/infinity/default/gallery.1.html]
[envato.rathemes.com/infinity/default/gallery.2.html]
[envato.rathemes.com/infinity/default/support.html]
[envato.rathemes.com/infinity/default/login.html]
[envato.rathemes.com/infinity/default/signup.html]
[envato.rathemes.com/infinity/default/password-forget.html]
[envato.rathemes.com/infinity/default/unlock.html]
[envato.rathemes.com/infinity/default/404.html]
[envato.rathemes.com/infinity/default/form.layouts.html]
[envato.rathemes.com/infinity/default/form.elements.html]
[envato.rathemes.com/infinity/default/form.custom.html]
[envato.rathemes.com/infinity/default/form.plugins.html]
[envato.rathemes.com/infinity/default/file-upload.html]
[envato.rathemes.com/infinity/default/form.datetime.html]
[envato.rathemes.com/infinity/default/editors.html]
[envato.rathemes.com/infinity/default/tables.basic.html]
[envato.rathemes.com/infinity/default/datatables.html]
[envato.rathemes.com/infinity/default/charts.flot.html]
[envato.rathemes.com/infinity/default/echarts.bar.html]
[envato.rathemes.com/infinity/default/echarts.pie.html]
[envato.rathemes.com/infinity/default/echarts.line.html]
[envato.rathemes.com/infinity/default/echarts.map.html]
[envato.rathemes.com/infinity/default/echarts.scatter.html]
[envato.rathemes.com/infinity/default/echarts.custom.html]
[envato.rathemes.com/infinity/default/map-google.html]
[envato.rathemes.com/infinity/default/map-vector.html]
[envato.rathemes.com/infinity/default/calendar.html]
[envato.rathemes.com/infinity/default/contacts.html]
[envato.rathemes.com/infinity/default/documentation.html]
[envato.rathemes.com/infinity/assets/images/flags/Egypt.png]
[envato.rathemes.com/infinity/assets/images/flags/Italy.png]
[envato.rathemes.com/infinity/assets/images/flags/United-States-of-America.png]
[envato.rathemes.com/infinity/assets/images/flags/China.png]
[envato.rathemes.com/infinity/assets/images/flags/Russia.png]
[envato.rathemes.com/infinity/assets/images/flags/France.png]
[envato.rathemes.com/infinity/assets/images/product-1.jpg]
[envato.rathemes.com/infinity/assets/images/product-2.jpg]
[envato.rathemes.com/infinity/assets/images/product-3.jpg]
[envato.rathemes.com/infinity/assets/images/product-4.jpg]
[envato.rathemes.com/infinity/assets/images/206.jpg]
[envato.rathemes.com/infinity/assets/images/208.jpg]
[envato.rathemes.com/infinity/assets/images/209.jpg]
[envato.rathemes.com/infinity/assets/images/219.jpg]
[envato.rathemes.com/infinity/assets/images/210.jpg]
[envato.rathemes.com/infinity/assets/images/212.jpg]
[envato.rathemes.com/infinity/default/dashboard.3.html]
[envato.rathemes.com/infinity/libs/bower/font-awesome/css/font-awesome.min.css]
[envato.rathemes.com/infinity/libs/bower/material-design-iconic-font/dist/css/material-design-iconic-font.css]
[envato.rathemes.com/infinity/assets/css/app.min.css]
[envato.rathemes.com/infinity/libs/bower/breakpoints.js/dist/breakpoints.min.js]
[envato.rathemes.com/infinity/assets/images/101.jpg]
[envato.rathemes.com/infinity/assets/images/original/102.jpg]
[envato.rathemes.com/infinity/assets/images/102.jpg]
[envato.rathemes.com/infinity/assets/images/204.jpg]
[envato.rathemes.com/infinity/assets/images/original/101.jpg]
[envato.rathemes.com/infinity/assets/images/original/103.jpg]
[envato.rathemes.com/infinity/assets/images/103.jpg]
[envato.rathemes.com/infinity/assets/images/original/104.jpg]
[envato.rathemes.com/infinity/assets/images/104.jpg]
[envato.rathemes.com/infinity/assets/images/original/105.jpg]
[envato.rathemes.com/infinity/assets/images/105.jpg]
[envato.rathemes.com/infinity/assets/images/213.jpg]
[envato.rathemes.com/infinity/assets/images/214.jpg]
[envato.rathemes.com/infinity/assets/images/217.jpg]
[envato.rathemes.com/infinity/assets/images/218.jpg]
[envato.rathemes.com/infinity/assets/images/203.jpg]
[envato.rathemes.com/infinity/assets/images/202.jpg]
[envato.rathemes.com/infinity/default/profile.html]
[envato.rathemes.com/infinity/assets/images/215.jpg]
[envato.rathemes.com/infinity/default/index.html]
[envato.rathemes.com/infinity/default/dashboard.2.html]
[envato.rathemes.com/infinity/default/buttons.html]
[envato.rathemes.com/infinity/default/alerts.html]
[envato.rathemes.com/infinity/default/panels.html]
[envato.rathemes.com/infinity/default/lists.html]
[envato.rathemes.com/infinity/default/icons.html]
[envato.rathemes.com/infinity/assets/images/220.jpg]
[envato.rathemes.com/infinity/default/media.html]
[envato.rathemes.com/infinity/assets/images/216.jpg]
[envato.rathemes.com/infinity/default/widgets.html]
[envato.rathemes.com/infinity/default/tabs.html]
[envato.rathemes.com/infinity/default/progress.html]
[envato.rathemes.com/infinity/default/mail-view.html]
[envato.rathemes.com/infinity/default/inbox.html]
[envato.rathemes.com/infinity/default/compose.html]
[envato.rathemes.com/infinity/default/search.images.html]
[envato.rathemes.com/infinity/default/search.video.html]
[envato.rathemes.com/infinity/default/search.users.html]
[envato.rathemes.com/infinity/default/search.web.html]
[envato.rathemes.com/infinity/default/price.html]
[envato.rathemes.com/infinity/default/invoice.html]
[envato.rathemes.com/infinity/assets/images/original/201.jpg]
[envato.rathemes.com/infinity/assets/images/201.jpg]
[envato.rathemes.com/infinity/assets/images/original/202.jpg]
[envato.rathemes.com/infinity/assets/images/original/203.jpg]
[envato.rathemes.com/infinity/assets/images/original/204.jpg]
[envato.rathemes.com/infinity/assets/images/original/205.jpg]
[envato.rathemes.com/infinity/assets/images/original/206.jpg]
[envato.rathemes.com/infinity/assets/images/original/207.jpg]
[envato.rathemes.com/infinity/assets/images/original/208.jpg]
[envato.rathemes.com/infinity/assets/images/original/209.jpg]
[envato.rathemes.com/infinity/assets/images/original/210.jpg]
[envato.rathemes.com/infinity/assets/images/original/211.jpg]
[envato.rathemes.com/infinity/assets/images/original/212.jpg]
[envato.rathemes.com/infinity/default/gallery.1.html]
[envato.rathemes.com/infinity/default/gallery.2.html]
[envato.rathemes.com/infinity/default/support.html]
[envato.rathemes.com/infinity/default/login.html]
[envato.rathemes.com/infinity/default/signup.html]
[envato.rathemes.com/infinity/default/password-forget.html]
[envato.rathemes.com/infinity/default/unlock.html]
[envato.rathemes.com/infinity/default/404.html]
[envato.rathemes.com/infinity/default/form.layouts.html]
[envato.rathemes.com/infinity/default/form.elements.html]
[envato.rathemes.com/infinity/default/form.custom.html]
[envato.rathemes.com/infinity/default/form.plugins.html]
[envato.rathemes.com/infinity/default/file-upload.html]
[envato.rathemes.com/infinity/default/form.datetime.html]
[envato.rathemes.com/infinity/default/editors.html]
[envato.rathemes.com/infinity/default/tables.basic.html]
[envato.rathemes.com/infinity/default/datatables.html]
[envato.rathemes.com/infinity/default/charts.flot.html]
[envato.rathemes.com/infinity/default/echarts.bar.html]
[envato.rathemes.com/infinity/default/echarts.pie.html]
[envato.rathemes.com/infinity/default/echarts.line.html]
[envato.rathemes.com/infinity/default/echarts.map.html]
[envato.rathemes.com/infinity/default/echarts.scatter.html]
[envato.rathemes.com/infinity/default/echarts.custom.html]
[envato.rathemes.com/infinity/default/map-google.html]
[envato.rathemes.com/infinity/default/map-vector.html]
[envato.rathemes.com/infinity/default/calendar.html]
[envato.rathemes.com/infinity/default/contacts.html]
[envato.rathemes.com/infinity/default/documentation.html]
[envato.rathemes.com/infinity/assets/js/core.min.js]
[envato.rathemes.com/infinity/assets/js/app.min.js]
[envato.rathemes.com/infinity/libs/bower/moment/moment.js]
[envato.rathemes.com/infinity/libs/bower/fullcalendar/dist/fullcalendar.min.js]
[envato.rathemes.com/infinity/assets/js/fullcalendar.js]
[envato.rathemes.com/infinity/assets/images/001.jpg]
[envato.rathemes.com/infinity/default/mail-view.html]
[envato.rathemes.com/infinity/default/search.images.html]
[envato.rathemes.com/infinity/default/search.video.html]
[envato.rathemes.com/infinity/default/search.users.html]
[envato.rathemes.com/infinity/libs/bower/material-design-iconic-font/dist/css/material-design-iconic-font.min.css]
[envato.rathemes.com/infinity/libs/bower/animate.css/animate.min.css]
[envato.rathemes.com/infinity/assets/css/bootstrap.css]
[envato.rathemes.com/infinity/assets/css/core.css]
[envato.rathemes.com/infinity/assets/css/misc-pages.css]
[envato.rathemes.com/infinity/libs/misc/flot/jquery.flot.pie.min.js]
[envato.rathemes.com/infinity/libs/misc/flot/jquery.flot.stack.min.js]
[envato.rathemes.com/infinity/libs/misc/flot/jquery.flot.resize.min.js]
[envato.rathemes.com/infinity/libs/misc/flot/jquery.flot.curvedLines.js]
[envato.rathemes.com/infinity/libs/misc/flot/jquery.flot.tooltip.min.js]
[envato.rathemes.com/infinity/libs/misc/echarts/build/dist/theme.js]
[envato.rathemes.com/infinity/libs/bower/eonasdan-bootstrap-datetimepicker/build/css/bootstrap-datetimepicker.min.css]
[envato.rathemes.com/infinity/libs/misc/jvectormap/jquery-jvectormap.min.js]
[envato.rathemes.com/infinity/libs/misc/jvectormap/maps/jquery-jvectormap-us-mill.js]
[envato.rathemes.com/infinity/libs/misc/jvectormap/maps/jquery-jvectormap-world-mill.js]
[envato.rathemes.com/infinity/libs/bower/fullcalendar/dist/fullcalendar.min.css]
[envato.rathemes.com/infinity/libs/bower/switchery/dist/switchery.min.js]
[envato.rathemes.com/infinity/libs/bower/lightbox2/dist/images/close.png]
[envato.rathemes.com/infinity/libs/bower/lightbox2/dist/images/loading.gif]
[envato.rathemes.com/infinity/libs/bower/lightbox2/dist/images/prev.png]
[envato.rathemes.com/infinity/libs/bower/lightbox2/dist/images/next.png]
[envato.rathemes.com/infinity/libs/bower/lightbox2/dist/css/lightbox.min.css]
[envato.rathemes.com/infinity/default/settings.html]
[envato.rathemes.com/infinity/default/logout.html]
[envato.rathemes.com/infinity/default/Popover requires tooltip.html]
